Exporter version: 2.93.5, Blender version: 3.0.1
========= Conversion from Blender to Babylon.js =========
	Scene settings used :
		Inline textures     :  false
		Material Type       :  PBR
		Positions Precision :  4
		Normals Precision   :  3
		UVs Precision       :  3
		Vert Color Precision:  3
		Mat Weight Precision:  2
		Keep Z-up r-handed  :  no
		Texture directory   :  /Users/EricWalsh/OneDrive - Walla Walla University/Computer Science/Computer Graphics/CPTR-355/Project/
	Python World class constructor completed
	processing begun of mesh:  Cube
		processing begun of material:  Material
========= An error was encountered =========
  File "/Users/EricWalsh/Library/Application Support/Blender/3.0/scripts/addons/babylon_js/json_exporter.py", line 116, in execute
    mesh = Mesh(object, scene, self)
  File "/Users/EricWalsh/Library/Application Support/Blender/3.0/scripts/addons/babylon_js/mesh.py", line 150, in __init__
    recipe = BakingRecipe(bpyMesh, exporter)
  File "/Users/EricWalsh/Library/Application Support/Blender/3.0/scripts/addons/babylon_js/materials/baking_recipe.py", line 105, in __init__
    self.bakedMaterial.bake(bpyMesh, self)
  File "/Users/EricWalsh/Library/Application Support/Blender/3.0/scripts/addons/babylon_js/materials/material.py", line 145, in bake
    tileXHold = render.tile_x
ERROR:  'RenderSettings' object has no attribute 'tile_x'
========= end of processing =========
elapsed time:  0 min, 0.2243 secs
